Using pre-set license
Built from '2022.3/staging' branch; Version is '2022.3.24f1 (334eb2a0b267) revision 3362482'; Using compiler version '192829333'; Build Type 'Release'
OS: 'Windows 11  (10.0.26100) 64bit CoreSingleLanguage' Language: 'en' Physical Memory: 16068 MB
BatchMode: 1, IsHumanControllingUs: 0, StartBugReporterOnCrash: 0, Is64bit: 1, IsPro: 1

COMMAND LINE ARGUMENTS:
C:\Unity\2022.3.24f1\Editor\Unity.exe
-adb2
-batchMode
-noUpm
-name
AssetImportWorker2
-projectPath
C:/HThuan/ASM_Game3D
-logFile
Logs/AssetImportWorker2.log
-srvPort
55836
Successfully changed project path to: C:/HThuan/ASM_Game3D
C:/HThuan/ASM_Game3D
[UnityMemory] Configuration Parameters - Can be set up in boot.config
    "memorysetup-bucket-allocator-granularity=16"
    "memorysetup-bucket-allocator-bucket-count=8"
    "memorysetup-bucket-allocator-block-size=33554432"
    "memorysetup-bucket-allocator-block-count=8"
    "memorysetup-main-allocator-block-size=16777216"
    "memorysetup-thread-allocator-block-size=16777216"
    "memorysetup-gfx-main-allocator-block-size=16777216"
    "memorysetup-gfx-thread-allocator-block-size=16777216"
    "memorysetup-cache-allocator-block-size=4194304"
    "memorysetup-typetree-allocator-block-size=2097152"
    "memorysetup-profiler-bucket-allocator-granularity=16"
    "memorysetup-profiler-bucket-allocator-bucket-count=8"
    "memorysetup-profiler-bucket-allocator-block-size=33554432"
    "memorysetup-profiler-bucket-allocator-block-count=8"
    "memorysetup-profiler-allocator-block-size=16777216"
    "memorysetup-profiler-editor-allocator-block-size=1048576"
    "memorysetup-temp-allocator-size-main=16777216"
    "memorysetup-job-temp-allocator-block-size=2097152"
    "memorysetup-job-temp-allocator-block-size-background=1048576"
    "memorysetup-job-temp-allocator-reduction-small-platforms=262144"
    "memorysetup-allocator-temp-initial-block-size-main=262144"
    "memorysetup-allocator-temp-initial-block-size-worker=262144"
    "memorysetup-temp-allocator-size-background-worker=32768"
    "memorysetup-temp-allocator-size-job-worker=262144"
    "memorysetup-temp-allocator-size-preload-manager=33554432"
    "memorysetup-temp-allocator-size-nav-mesh-worker=65536"
    "memorysetup-temp-allocator-size-audio-worker=65536"
    "memorysetup-temp-allocator-size-cloud-worker=32768"
    "memorysetup-temp-allocator-size-gi-baking-worker=262144"
    "memorysetup-temp-allocator-size-gfx=262144"
Player connection [716] Host "[IP] 192.168.97.10 [Port] 0 [Flags] 2 [Guid] 2820646447 [EditorId] 2820646447 [Version] 1048832 [Id] WindowsEditor(7,Thuan) [Debug] 1 [PackageName] WindowsEditor [ProjectName] Editor" joined multi-casting on [225.0.0.222:54997]...

Player connection [716] Host "[IP] 192.168.97.10 [Port] 0 [Flags] 2 [Guid] 2820646447 [EditorId] 2820646447 [Version] 1048832 [Id] WindowsEditor(7,Thuan) [Debug] 1 [PackageName] WindowsEditor [ProjectName] Editor" joined alternative multi-casting on [225.0.0.222:34997]...

[Physics::Module] Initialized MultithreadedJobDispatcher with 15 workers.
Refreshing native plugins compatible for Editor in 21.26 ms, found 3 plugins.
Preloading 0 native plugins for Editor in 0.00 ms.
Initialize engine version: 2022.3.24f1 (334eb2a0b267)
[Subsystems] Discovering subsystems at path C:/Unity/2022.3.24f1/Editor/Data/Resources/UnitySubsystems
[Subsystems] Discovering subsystems at path C:/HThuan/ASM_Game3D/Assets
GfxDevice: creating device client; threaded=0; jobified=0
Direct3D:
    Version:  Direct3D 11.0 [level 11.1]
    Renderer: NVIDIA GeForce RTX 2050 (ID=0x25a9)
    Vendor:   NVIDIA
    VRAM:     3965 MB
    Driver:   32.0.15.6641
Initialize mono
Mono path[0] = 'C:/Unity/2022.3.24f1/Editor/Data/Managed'
Mono path[1] = 'C:/Unity/2022.3.24f1/Editor/Data/MonoBleedingEdge/lib/mono/unityjit-win32'
Mono config path = 'C:/Unity/2022.3.24f1/Editor/Data/MonoBleedingEdge/etc'
Using monoOptions --debugger-agent=transport=dt_socket,embedding=1,server=y,suspend=n,address=127.0.0.1:56296
Begin MonoManager ReloadAssembly
Registering precompiled unity dll's ...
Register platform support module: C:/Unity/2022.3.24f1/Editor/Data/PlaybackEngines/WindowsStandaloneSupport/UnityEditor.WindowsStandalone.Extensions.dll
Registered in 0.004565 seconds.
- Loaded All Assemblies, in  0.382 seconds
Native extension for WindowsStandalone target not found
Mono: successfully reloaded assembly
- Finished resetting the current domain, in  0.237 seconds
Domain Reload Profiling: 617ms
	BeginReloadAssembly (162ms)
		ExecutionOrderSort (0ms)
		DisableScriptedObjects (0ms)
		BackupInstance (0ms)
		ReleaseScriptingObjects (0ms)
		CreateAndSetChildDomain (1ms)
	RebuildCommonClasses (32ms)
	RebuildNativeTypeToScriptingClass (8ms)
	initialDomainReloadingComplete (49ms)
	LoadAllAssembliesAndSetupDomain (130ms)
		LoadAssemblies (159ms)
		RebuildTransferFunctionScriptingTraits (0ms)
		AnalyzeDomain (128ms)
			TypeCache.Refresh (127ms)
				TypeCache.ScanAssembly (114ms)
			ScanForSourceGeneratedMonoScriptInfo (0ms)
			ResolveRequiredComponents (0ms)
	FinalizeReload (237ms)
		ReleaseScriptCaches (0ms)
		RebuildScriptCaches (0ms)
		SetupLoadedEditorAssemblies (182ms)
			LogAssemblyErrors (0ms)
			InitializePlatformSupportModulesInManaged (8ms)
			SetLoadedEditorAssemblies (7ms)
			RefreshPlugins (0ms)
			BeforeProcessingInitializeOnLoad (2ms)
			ProcessInitializeOnLoadAttributes (126ms)
			ProcessInitializeOnLoadMethodAttributes (39ms)
			AfterProcessingInitializeOnLoad (0ms)
			EditorAssembliesLoaded (0ms)
		ExecutionOrderSort2 (0ms)
		AwakeInstancesAfterBackupRestoration (0ms)
========================================================================
Worker process is ready to serve import requests
Begin MonoManager ReloadAssembly
- Loaded All Assemblies, in  0.675 seconds
Refreshing native plugins compatible for Editor in 3.42 ms, found 3 plugins.
Native extension for WindowsStandalone target not found
Mono: successfully reloaded assembly
- Finished resetting the current domain, in  0.514 seconds
Domain Reload Profiling: 1187ms
	BeginReloadAssembly (141ms)
		ExecutionOrderSort (0ms)
		DisableScriptedObjects (5ms)
		BackupInstance (0ms)
		ReleaseScriptingObjects (0ms)
		CreateAndSetChildDomain (23ms)
	RebuildCommonClasses (32ms)
	RebuildNativeTypeToScriptingClass (9ms)
	initialDomainReloadingComplete (38ms)
	LoadAllAssembliesAndSetupDomain (451ms)
		LoadAssemblies (346ms)
		RebuildTransferFunctionScriptingTraits (0ms)
		AnalyzeDomain (185ms)
			TypeCache.Refresh (165ms)
				TypeCache.ScanAssembly (150ms)
			ScanForSourceGeneratedMonoScriptInfo (13ms)
			ResolveRequiredComponents (4ms)
	FinalizeReload (515ms)
		ReleaseScriptCaches (0ms)
		RebuildScriptCaches (0ms)
		SetupLoadedEditorAssemblies (373ms)
			LogAssemblyErrors (0ms)
			InitializePlatformSupportModulesInManaged (5ms)
			SetLoadedEditorAssemblies (3ms)
			RefreshPlugins (0ms)
			BeforeProcessingInitializeOnLoad (54ms)
			ProcessInitializeOnLoadAttributes (288ms)
			ProcessInitializeOnLoadMethodAttributes (17ms)
			AfterProcessingInitializeOnLoad (5ms)
			EditorAssembliesLoaded (0ms)
		ExecutionOrderSort2 (0ms)
		AwakeInstancesAfterBackupRestoration (6ms)
Launched and connected shader compiler UnityShaderCompiler.exe after 0.04 seconds
Refreshing native plugins compatible for Editor in 3.19 ms, found 3 plugins.
Preloading 0 native plugins for Editor in 0.00 ms.
Unloading 3135 Unused Serialized files (Serialized files now loaded: 0)
Unloading 33 unused Assets / (57.0 KB). Loaded Objects now: 3596.
Memory consumption went from 124.0 MB to 123.9 MB.
Total: 2.589400 ms (FindLiveObjects: 0.171900 ms CreateObjectMapping: 0.063700 ms MarkObjects: 2.257500 ms  DeleteObjects: 0.094600 ms)

AssetImportParameters requested are different than current active one (requested -> active):
  custom:container-demuxer-ogg: 62fdf1f143b41e24485cea50d1cbac27 -> 
  custom:video-codec-MediaFoundation-h265: 746d11721c4dcdbdad8f713fa42b33f4 -> 
  custom:video-decoder-ogg-theora: a1e56fd34408186e4bbccfd4996cb3dc -> 
  custom:framework-win-MediaFoundation: 216162199b28c13a410421893ffa2e32 -> 
  custom:CustomObjectIndexerAttribute: 9a22284fe3817be447336de3de66b15e -> 
  custom:container-demuxer-webm: 4f35f7cbe854078d1ac9338744f61a02 -> 
  custom:container-muxer-webm: aa71ff27fc2769a1b78a27578f13a17b -> 
  custom:video-decoder-webm-vp8: 9c59270c3fd7afecdb556c50c9e8de78 -> 
  custom:SearchIndexIgnoredProperties: e643bd26f0fe6173181afceb89e7c659 -> 
  custom:AudioImporter_EditorPlatform: d09bf68614088b80899f8185d706f6e7 -> 
  custom:video-encoder-webm-vp8: eb34c28f22e8b96e1ab97ce403110664 -> 
  custom:audio-decoder-ogg-vorbis: bf7c407c2cedff20999df2af8eb42d56 -> 
  custom:audio-encoder-webm-vorbis: bf7c407c2cedff20999df2af8eb42d56 -> 
========================================================================
Received Import Request.
  Time since last request: 18934.353534 seconds.
  path: Assets/Procedural Worlds/Content Packs/Synty/Nature Pack/Gaia Biomes/Synty Nature.asset
  artifactKey: Guid(8abf882042b09cb44bf37f9ede4bda7d) Importer(815301076,1909f56bfc062723c751e8b465ee728b)
Start importing Assets/Procedural Worlds/Content Packs/Synty/Nature Pack/Gaia Biomes/Synty Nature.asset using Guid(8abf882042b09cb44bf37f9ede4bda7d) Importer(815301076,1909f56bfc062723c751e8b465ee728b)  -> (artifact id: '52f9c73bddc057ed8e41eb87f0204d2c') in 0.006652 seconds
Number of updated asset objects reloaded before import = 0
Number of asset objects unloaded after import = 1
========================================================================
Received Import Request.
  Time since last request: 0.000027 seconds.
  path: Assets/Procedural Worlds/Content Packs/Synty/Nature Pack/Gaia Biomes/Synty Nature Log Spawner.asset
  artifactKey: Guid(458fe8bd5729de64fbcc07c9529d2e41) Importer(815301076,1909f56bfc062723c751e8b465ee728b)
Start importing Assets/Procedural Worlds/Content Packs/Synty/Nature Pack/Gaia Biomes/Synty Nature Log Spawner.asset using Guid(458fe8bd5729de64fbcc07c9529d2e41) Importer(815301076,1909f56bfc062723c751e8b465ee728b)  -> (artifact id: '336b8e93909b95ee5d9dcc453bc61a90') in 0.005868 seconds
Number of updated asset objects reloaded before import = 0
Number of asset objects unloaded after import = 1
========================================================================
Received Import Request.
  Time since last request: 0.000017 seconds.
  path: Assets/Procedural Worlds/Content Packs/Synty/Nature Pack/Gaia Biomes/Synty Nature Scene Culling Profile.asset
  artifactKey: Guid(b24ced882391d554da0f676b59b05e3e) Importer(815301076,1909f56bfc062723c751e8b465ee728b)
Start importing Assets/Procedural Worlds/Content Packs/Synty/Nature Pack/Gaia Biomes/Synty Nature Scene Culling Profile.asset using Guid(b24ced882391d554da0f676b59b05e3e) Importer(815301076,1909f56bfc062723c751e8b465ee728b)  -> (artifact id: '5b4b245fe91282bebe4e4d4ea7fd4a40') in 0.001143 seconds
Number of updated asset objects reloaded before import = 0
Number of asset objects unloaded after import = 1
========================================================================
Received Import Request.
  Time since last request: 0.000230 seconds.
  path: Assets/Procedural Worlds/Content Packs/Synty/Nature Pack/Gaia Biomes/Synty Nature Pine Tree Spawner.asset
  artifactKey: Guid(0b31841ec72561249b163bacc157b128) Importer(815301076,1909f56bfc062723c751e8b465ee728b)
Start importing Assets/Procedural Worlds/Content Packs/Synty/Nature Pack/Gaia Biomes/Synty Nature Pine Tree Spawner.asset using Guid(0b31841ec72561249b163bacc157b128) Importer(815301076,1909f56bfc062723c751e8b465ee728b)  -> (artifact id: 'aa4879354246af933b0fe1d26f31f14c') in 0.005689 seconds
Number of updated asset objects reloaded before import = 0
Number of asset objects unloaded after import = 1
========================================================================
Received Import Request.
  Time since last request: 0.530604 seconds.
  path: Assets/Procedural Worlds/Content Packs/Synty/Nature Pack/GeNa Masks/Bridge Mask.png
  artifactKey: Guid(5e59a433ba53f6c499ad9a16cdb99235) Importer(815301076,1909f56bfc062723c751e8b465ee728b)
Start importing Assets/Procedural Worlds/Content Packs/Synty/Nature Pack/GeNa Masks/Bridge Mask.png using Guid(5e59a433ba53f6c499ad9a16cdb99235) Importer(815301076,1909f56bfc062723c751e8b465ee728b)  -> (artifact id: '5213ea07ac2bd2308b0cd018ebde6fe9') in 0.082296 seconds
Number of updated asset objects reloaded before import = 0
Number of asset objects unloaded after import = 2
========================================================================
Received Import Request.
  Time since last request: 0.568214 seconds.
  path: Assets/Procedural Worlds/Content Packs/Synty/Nature Pack/GeNa Roads/Synty_Nature_Mud_Road_Profile.asset
  artifactKey: Guid(cee04483c58bcbe45b1e011f6050bceb) Importer(815301076,1909f56bfc062723c751e8b465ee728b)
Start importing Assets/Procedural Worlds/Content Packs/Synty/Nature Pack/GeNa Roads/Synty_Nature_Mud_Road_Profile.asset using Guid(cee04483c58bcbe45b1e011f6050bceb) Importer(815301076,1909f56bfc062723c751e8b465ee728b)  -> (artifact id: '30d9e18836baf098fa65e0efdf76464b') in 0.002624 seconds
Number of updated asset objects reloaded before import = 0
Number of asset objects unloaded after import = 1
========================================================================
Received Import Request.
  Time since last request: 0.495691 seconds.
  path: Assets/Procedural Worlds/Content Packs/Synty/Nature Pack/HDRP/HDRP Terrain Material.mat
  artifactKey: Guid(f0951d909bfa9084fb294c859e1881f5) Importer(815301076,1909f56bfc062723c751e8b465ee728b)
Start importing Assets/Procedural Worlds/Content Packs/Synty/Nature Pack/HDRP/HDRP Terrain Material.mat using Guid(f0951d909bfa9084fb294c859e1881f5) Importer(815301076,1909f56bfc062723c751e8b465ee728b)  -> (artifact id: 'b3a8f6b44aff7c95ad754fedc5c3e6fa') in 0.072082 seconds
Number of updated asset objects reloaded before import = 0
Number of asset objects unloaded after import = 1
========================================================================
Received Import Request.
  Time since last request: 2.913200 seconds.
  path: Assets/Procedural Worlds/Content Packs/Synty/Nature Pack/Content Resources/Prefabs/Vegetation/Low Poly/Master_Low_Poly_Dead_Tree (LP).prefab
  artifactKey: Guid(997a15cfdff36e14abf9681ec7afc8d5) Importer(815301076,1909f56bfc062723c751e8b465ee728b)
Start importing Assets/Procedural Worlds/Content Packs/Synty/Nature Pack/Content Resources/Prefabs/Vegetation/Low Poly/Master_Low_Poly_Dead_Tree (LP).prefab using Guid(997a15cfdff36e14abf9681ec7afc8d5) Importer(815301076,1909f56bfc062723c751e8b465ee728b)  -> (artifact id: 'ffcf2715374944100e96696fcfe974de') in 0.013252 seconds
Number of updated asset objects reloaded before import = 0
Number of asset objects unloaded after import = 63
========================================================================
Received Import Request.
  Time since last request: 1.411321 seconds.
  path: Assets/Procedural Worlds/Content Packs/Synty/Nature Pack/Content Resources/Prefabs/Ruins/Ruins_Pillar_Master.prefab
  artifactKey: Guid(2e064380735d1c04ab36ceaa022a53ce) Importer(815301076,1909f56bfc062723c751e8b465ee728b)
Start importing Assets/Procedural Worlds/Content Packs/Synty/Nature Pack/Content Resources/Prefabs/Ruins/Ruins_Pillar_Master.prefab using Guid(2e064380735d1c04ab36ceaa022a53ce) Importer(815301076,1909f56bfc062723c751e8b465ee728b)  -> (artifact id: '49c20dd9c0cee32427a08cc91088ecf4') in 0.005079 seconds
Number of updated asset objects reloaded before import = 0
Number of asset objects unloaded after import = 221
========================================================================
Received Import Request.
  Time since last request: 2.264330 seconds.
  path: Assets/Procedural Worlds/Content Packs/Synty/Nature Pack/Content Resources/Prefabs/Rock Formations/Formations/Large_Rocks_Master.prefab
  artifactKey: Guid(15f53fa3df77aa246b19c73d2485e40e) Importer(815301076,1909f56bfc062723c751e8b465ee728b)
Start importing Assets/Procedural Worlds/Content Packs/Synty/Nature Pack/Content Resources/Prefabs/Rock Formations/Formations/Large_Rocks_Master.prefab using Guid(15f53fa3df77aa246b19c73d2485e40e) Importer(815301076,1909f56bfc062723c751e8b465ee728b)  -> (artifact id: 'af9e40f7f8fcd7a0fffecdb76b25d123') in 0.004084 seconds
Number of updated asset objects reloaded before import = 0
Number of asset objects unloaded after import = 146
========================================================================
Received Import Request.
  Time since last request: 0.568967 seconds.
  path: Assets/Procedural Worlds/Content Packs/Synty/Nature Pack/Content Resources/Prefabs/Rock Formations/Small Caves/Small_Cave_01_Master.prefab
  artifactKey: Guid(4e87d315bb7160a45af41134dfbc3137) Importer(815301076,1909f56bfc062723c751e8b465ee728b)
Start importing Assets/Procedural Worlds/Content Packs/Synty/Nature Pack/Content Resources/Prefabs/Rock Formations/Small Caves/Small_Cave_01_Master.prefab using Guid(4e87d315bb7160a45af41134dfbc3137) Importer(815301076,1909f56bfc062723c751e8b465ee728b)  -> (artifact id: '0be2d125173c2234e139b749aa20d5c5') in 0.002826 seconds
Number of updated asset objects reloaded before import = 0
Number of asset objects unloaded after import = 90
========================================================================
Received Import Request.
  Time since last request: 2.803409 seconds.
  path: Assets/Procedural Worlds/Content Packs/Synty/Nature Pack/Content Resources/Prefabs/Particles/Butterflies_Master.prefab
  artifactKey: Guid(6bcaf38cb2c70e34c99f96ee942bd321) Importer(815301076,1909f56bfc062723c751e8b465ee728b)
Start importing Assets/Procedural Worlds/Content Packs/Synty/Nature Pack/Content Resources/Prefabs/Particles/Butterflies_Master.prefab using Guid(6bcaf38cb2c70e34c99f96ee942bd321) Importer(815301076,1909f56bfc062723c751e8b465ee728b)  -> (artifact id: 'd695828f48e5bfbf3e0a23fab1584c77') in 0.002488 seconds
Number of updated asset objects reloaded before import = 0
Number of asset objects unloaded after import = 18
========================================================================
Received Import Request.
  Time since last request: 0.000501 seconds.
  path: Assets/Procedural Worlds/Content Packs/Synty/Nature Pack/Content Resources/Prefabs/Particles/Grass_Blowing_Master.prefab
  artifactKey: Guid(29610c5f4e1bd004396e7296a060ec3c) Importer(815301076,1909f56bfc062723c751e8b465ee728b)
Start importing Assets/Procedural Worlds/Content Packs/Synty/Nature Pack/Content Resources/Prefabs/Particles/Grass_Blowing_Master.prefab using Guid(29610c5f4e1bd004396e7296a060ec3c) Importer(815301076,1909f56bfc062723c751e8b465ee728b)  -> (artifact id: '946c20eaba47dd486cd4315de86ea1a4') in 0.001931 seconds
Number of updated asset objects reloaded before import = 0
Number of asset objects unloaded after import = 8
========================================================================
Received Import Request.
  Time since last request: 0.428010 seconds.
  path: Assets/Procedural Worlds/Content Packs/Synty/Nature Pack/Content Resources/Prefabs/Gaia Terrain Trees/Trees/SM_Tree_Birch_01 Variant.prefab
  artifactKey: Guid(b17fdae0d48c82a4fbf7c0bd30053598) Importer(815301076,1909f56bfc062723c751e8b465ee728b)
Start importing Assets/Procedural Worlds/Content Packs/Synty/Nature Pack/Content Resources/Prefabs/Gaia Terrain Trees/Trees/SM_Tree_Birch_01 Variant.prefab using Guid(b17fdae0d48c82a4fbf7c0bd30053598) Importer(815301076,1909f56bfc062723c751e8b465ee728b)  -> (artifact id: '3ccaeb3521d21dde65ecdb3091139308') in 0.001128 seconds
Number of updated asset objects reloaded before import = 0
Number of asset objects unloaded after import = 1
========================================================================
Received Import Request.
  Time since last request: 0.000364 seconds.
  path: Assets/Procedural Worlds/Content Packs/Synty/Nature Pack/Content Resources/Prefabs/Gaia Terrain Trees/Trees/SM_Tree_Birch_04 Variant.prefab
  artifactKey: Guid(1033cfb0231872c4c90b460d69a152ae) Importer(815301076,1909f56bfc062723c751e8b465ee728b)
Start importing Assets/Procedural Worlds/Content Packs/Synty/Nature Pack/Content Resources/Prefabs/Gaia Terrain Trees/Trees/SM_Tree_Birch_04 Variant.prefab using Guid(1033cfb0231872c4c90b460d69a152ae) Importer(815301076,1909f56bfc062723c751e8b465ee728b)  -> (artifact id: '9aacfbe9db73ebacff97aa1b3f1213eb') in 0.000781 seconds
Number of updated asset objects reloaded before import = 0
Number of asset objects unloaded after import = 1
========================================================================
Received Import Request.
  Time since last request: 0.000403 seconds.
  path: Assets/Procedural Worlds/Content Packs/Synty/Nature Pack/Content Resources/Prefabs/Gaia Terrain Trees/Trees/SM_Tree_Dead_01 Variant.prefab
  artifactKey: Guid(a31a3e6f69902884dad8e9779b7ea648) Importer(815301076,1909f56bfc062723c751e8b465ee728b)
Start importing Assets/Procedural Worlds/Content Packs/Synty/Nature Pack/Content Resources/Prefabs/Gaia Terrain Trees/Trees/SM_Tree_Dead_01 Variant.prefab using Guid(a31a3e6f69902884dad8e9779b7ea648) Importer(815301076,1909f56bfc062723c751e8b465ee728b)  -> (artifact id: 'b26ba67d9a3e0c1e61120e004f1346f9') in 0.000680 seconds
Number of updated asset objects reloaded before import = 0
Number of asset objects unloaded after import = 1
========================================================================
Received Import Request.
  Time since last request: 0.000417 seconds.
  path: Assets/Procedural Worlds/Content Packs/Synty/Nature Pack/Content Resources/Prefabs/Gaia Terrain Trees/Trees/SM_Tree_Generic_01 Variant.prefab
  artifactKey: Guid(8bb899db94cea8c4c8db24701bea7cdc) Importer(815301076,1909f56bfc062723c751e8b465ee728b)
Start importing Assets/Procedural Worlds/Content Packs/Synty/Nature Pack/Content Resources/Prefabs/Gaia Terrain Trees/Trees/SM_Tree_Generic_01 Variant.prefab using Guid(8bb899db94cea8c4c8db24701bea7cdc) Importer(815301076,1909f56bfc062723c751e8b465ee728b)  -> (artifact id: '6da412e2d709af89e60dfa59f1f8cbf5') in 0.000639 seconds
Number of updated asset objects reloaded before import = 0
Number of asset objects unloaded after import = 1
========================================================================
Received Import Request.
  Time since last request: 0.000108 seconds.
  path: Assets/Procedural Worlds/Content Packs/Synty/Nature Pack/Content Resources/Prefabs/Gaia Terrain Trees/Trees/SM_Tree_Generic_Giant_01 Variant.prefab
  artifactKey: Guid(1d898e928a49b2a4e97c0dba1904ef90) Importer(815301076,1909f56bfc062723c751e8b465ee728b)
Start importing Assets/Procedural Worlds/Content Packs/Synty/Nature Pack/Content Resources/Prefabs/Gaia Terrain Trees/Trees/SM_Tree_Generic_Giant_01 Variant.prefab using Guid(1d898e928a49b2a4e97c0dba1904ef90) Importer(815301076,1909f56bfc062723c751e8b465ee728b)  -> (artifact id: '1cd65ffa09141607555482cec08b6697') in 0.000733 seconds
Number of updated asset objects reloaded before import = 0
Number of asset objects unloaded after import = 1
========================================================================
Received Import Request.
  Time since last request: 0.000702 seconds.
  path: Assets/Procedural Worlds/Content Packs/Synty/Nature Pack/Content Resources/Prefabs/Gaia Terrain Trees/Trees/SM_Tree_Pine_02 Variant.prefab
  artifactKey: Guid(44f4096197f6f524dbec372b74eb97ad) Importer(815301076,1909f56bfc062723c751e8b465ee728b)
Start importing Assets/Procedural Worlds/Content Packs/Synty/Nature Pack/Content Resources/Prefabs/Gaia Terrain Trees/Trees/SM_Tree_Pine_02 Variant.prefab using Guid(44f4096197f6f524dbec372b74eb97ad) Importer(815301076,1909f56bfc062723c751e8b465ee728b)  -> (artifact id: '16ce01645f79618ed361e406ba19037b') in 0.000805 seconds
Number of updated asset objects reloaded before import = 0
Number of asset objects unloaded after import = 1
========================================================================
Received Import Request.
  Time since last request: 0.000507 seconds.
  path: Assets/Procedural Worlds/Content Packs/Synty/Nature Pack/Content Resources/Prefabs/Gaia Terrain Trees/Trees/SM_Tree_Pine_Large_02 Variant.prefab
  artifactKey: Guid(287644e1857719646a6d21691a8de676) Importer(815301076,1909f56bfc062723c751e8b465ee728b)
Start importing Assets/Procedural Worlds/Content Packs/Synty/Nature Pack/Content Resources/Prefabs/Gaia Terrain Trees/Trees/SM_Tree_Pine_Large_02 Variant.prefab using Guid(287644e1857719646a6d21691a8de676) Importer(815301076,1909f56bfc062723c751e8b465ee728b)  -> (artifact id: '2cd433705a3a143e561463728fe1db52') in 0.000660 seconds
Number of updated asset objects reloaded before import = 0
Number of asset objects unloaded after import = 1
========================================================================
Received Import Request.
  Time since last request: 0.000302 seconds.
  path: Assets/Procedural Worlds/Content Packs/Synty/Nature Pack/Content Resources/Prefabs/Gaia Terrain Trees/Trees/SM_Tree_Stump_02 Variant.prefab
  artifactKey: Guid(6176febb3e1259b49a11a9cacdbaa2b6) Importer(815301076,1909f56bfc062723c751e8b465ee728b)
Start importing Assets/Procedural Worlds/Content Packs/Synty/Nature Pack/Content Resources/Prefabs/Gaia Terrain Trees/Trees/SM_Tree_Stump_02 Variant.prefab using Guid(6176febb3e1259b49a11a9cacdbaa2b6) Importer(815301076,1909f56bfc062723c751e8b465ee728b)  -> (artifact id: '734cf810797a5e1350b6cce7f116a6d3') in 0.000732 seconds
Number of updated asset objects reloaded before import = 0
Number of asset objects unloaded after import = 1
========================================================================
Received Import Request.
  Time since last request: 0.000403 seconds.
  path: Assets/Procedural Worlds/Content Packs/Synty/Nature Pack/Content Resources/Prefabs/Gaia Terrain Trees/Trees/SM_Tree_Stump_04 Variant.prefab
  artifactKey: Guid(968d71faac8f0374a9e6ebdd11fc18fc) Importer(815301076,1909f56bfc062723c751e8b465ee728b)
Start importing Assets/Procedural Worlds/Content Packs/Synty/Nature Pack/Content Resources/Prefabs/Gaia Terrain Trees/Trees/SM_Tree_Stump_04 Variant.prefab using Guid(968d71faac8f0374a9e6ebdd11fc18fc) Importer(815301076,1909f56bfc062723c751e8b465ee728b)  -> (artifact id: 'f28b72c2ff3b1ed210a0578d38f97cef') in 0.000707 seconds
Number of updated asset objects reloaded before import = 0
Number of asset objects unloaded after import = 1
========================================================================
Received Import Request.
  Time since last request: 0.000517 seconds.
  path: Assets/Procedural Worlds/Content Packs/Synty/Nature Pack/Content Resources/Prefabs/Gaia Terrain Trees/Trees/SM_Tree_Swamp_03 Variant.prefab
  artifactKey: Guid(97ca66440b8155f4ab2c356a3648a92b) Importer(815301076,1909f56bfc062723c751e8b465ee728b)
Start importing Assets/Procedural Worlds/Content Packs/Synty/Nature Pack/Content Resources/Prefabs/Gaia Terrain Trees/Trees/SM_Tree_Swamp_03 Variant.prefab using Guid(97ca66440b8155f4ab2c356a3648a92b) Importer(815301076,1909f56bfc062723c751e8b465ee728b)  -> (artifact id: 'f684819260d00d3ec734d2401a92be2f') in 0.000675 seconds
Number of updated asset objects reloaded before import = 0
Number of asset objects unloaded after import = 1
========================================================================
Received Import Request.
  Time since last request: 0.000258 seconds.
  path: Assets/Procedural Worlds/Content Packs/Synty/Nature Pack/Content Resources/Prefabs/Gaia Terrain Trees/Trees/SM_Tree_Willow_Medium_01 Variant.prefab
  artifactKey: Guid(bc693a6979858374490b3255395662f1) Importer(815301076,1909f56bfc062723c751e8b465ee728b)
Start importing Assets/Procedural Worlds/Content Packs/Synty/Nature Pack/Content Resources/Prefabs/Gaia Terrain Trees/Trees/SM_Tree_Willow_Medium_01 Variant.prefab using Guid(bc693a6979858374490b3255395662f1) Importer(815301076,1909f56bfc062723c751e8b465ee728b)  -> (artifact id: '7b868ee458f9f2be264fdc06c9dfa85a') in 0.000663 seconds
Number of updated asset objects reloaded before import = 0
Number of asset objects unloaded after import = 1
========================================================================
Received Import Request.
  Time since last request: 4.841809 seconds.
  path: Assets/Procedural Worlds/Content Packs/Synty/Nature Pack/Content Resources/Prefabs/Campfires/Campfire 01
  artifactKey: Guid(be37c8adb6b17da47b33ad0421ca5a11) Importer(815301076,1909f56bfc062723c751e8b465ee728b)
Start importing Assets/Procedural Worlds/Content Packs/Synty/Nature Pack/Content Resources/Prefabs/Campfires/Campfire 01 using Guid(be37c8adb6b17da47b33ad0421ca5a11) Importer(815301076,1909f56bfc062723c751e8b465ee728b)  -> (artifact id: 'aee2ecb64e260d40d0851abe8e7035ca') in 0.000444 seconds
Number of updated asset objects reloaded before import = 0
Number of asset objects unloaded after import = 0
========================================================================
Received Import Request.
  Time since last request: 0.088439 seconds.
  path: Assets/Procedural Worlds/Content Packs/Synty/Nature Pack/Content Resources/Prefabs/Campfires/Campfire 01/Campfire_01_Master.prefab
  artifactKey: Guid(fa320b77f5632544395dac02f95dbaa8) Importer(815301076,1909f56bfc062723c751e8b465ee728b)
Start importing Assets/Procedural Worlds/Content Packs/Synty/Nature Pack/Content Resources/Prefabs/Campfires/Campfire 01/Campfire_01_Master.prefab using Guid(fa320b77f5632544395dac02f95dbaa8) Importer(815301076,1909f56bfc062723c751e8b465ee728b)  -> (artifact id: '790dbad01522b0973127715c9230fc35') in 0.006449 seconds
Number of updated asset objects reloaded before import = 0
Number of asset objects unloaded after import = 116
========================================================================
Received Import Request.
  Time since last request: 9.596874 seconds.
  path: Assets/Procedural Worlds/Content Packs/Synty/Nature Pack
  artifactKey: Guid(7733f36351dfc0545ac662fcb3fdfaa6) Importer(815301076,1909f56bfc062723c751e8b465ee728b)
Start importing Assets/Procedural Worlds/Content Packs/Synty/Nature Pack using Guid(7733f36351dfc0545ac662fcb3fdfaa6) Importer(815301076,1909f56bfc062723c751e8b465ee728b)  -> (artifact id: 'b81ae8c71564a1bade586099226ae382') in 0.000662 seconds
Number of updated asset objects reloaded before import = 0
Number of asset objects unloaded after import = 0
========================================================================
Received Import Request.
  Time since last request: 11.984663 seconds.
  path: Assets/Procedural Worlds/Content Packs/Synty/Nature Pack/Content Resources/Settings/Synty Nature Palette.asset
  artifactKey: Guid(4ac654abe090dc442aaac07cd9fec0f6) Importer(815301076,1909f56bfc062723c751e8b465ee728b)
Start importing Assets/Procedural Worlds/Content Packs/Synty/Nature Pack/Content Resources/Settings/Synty Nature Palette.asset using Guid(4ac654abe090dc442aaac07cd9fec0f6) Importer(815301076,1909f56bfc062723c751e8b465ee728b)  -> (artifact id: 'f204a6b4723123a9bac721a7eb0db62b') in 0.007926 seconds
Number of updated asset objects reloaded before import = 0
Number of asset objects unloaded after import = 1
========================================================================
Received Import Request.
  Time since last request: 557.395719 seconds.
  path: Assets/Low Poly Survival Kit/Scenes
  artifactKey: Guid(deff25261d960ce48bf8ec3dd8643794) Importer(815301076,1909f56bfc062723c751e8b465ee728b)
Start importing Assets/Low Poly Survival Kit/Scenes using Guid(deff25261d960ce48bf8ec3dd8643794) Importer(815301076,1909f56bfc062723c751e8b465ee728b)  -> (artifact id: 'd1c840f5c690fc864daa721811e585bf') in 0.000748 seconds
Number of updated asset objects reloaded before import = 0
Number of asset objects unloaded after import = 0
========================================================================
Received Import Request.
  Time since last request: 1.047642 seconds.
  path: Assets/Low Poly Survival Kit/Scenes/Scene 2
  artifactKey: Guid(c42cac35fd2007f4faf6fbb7480a5232) Importer(815301076,1909f56bfc062723c751e8b465ee728b)
Start importing Assets/Low Poly Survival Kit/Scenes/Scene 2 using Guid(c42cac35fd2007f4faf6fbb7480a5232) Importer(815301076,1909f56bfc062723c751e8b465ee728b)  -> (artifact id: '0943f94a4e017400eb3260350086a785') in 0.000452 seconds
Number of updated asset objects reloaded before import = 0
Number of asset objects unloaded after import = 0
========================================================================
Received Import Request.
  Time since last request: 0.606650 seconds.
  path: Assets/Low Poly Survival Kit/Scenes/Scene 2/Scene 2.unity
  artifactKey: Guid(f91f80b7c687b6d4c8ab80f1698dde7f) Importer(815301076,1909f56bfc062723c751e8b465ee728b)
Start importing Assets/Low Poly Survival Kit/Scenes/Scene 2/Scene 2.unity using Guid(f91f80b7c687b6d4c8ab80f1698dde7f) Importer(815301076,1909f56bfc062723c751e8b465ee728b)  -> (artifact id: '9c7e4d11777713c2a66dbd9da492db57') in 0.000454 seconds
Number of updated asset objects reloaded before import = 0
Number of asset objects unloaded after import = 0
========================================================================
Received Import Request.
  Time since last request: 5.237012 seconds.
  path: Assets/Low Poly Survival Kit/Scenes/Scene 2/Scene 2 Baked Lighting
  artifactKey: Guid(9670ad915954b374697f719edd0ae2b4) Importer(815301076,1909f56bfc062723c751e8b465ee728b)
Start importing Assets/Low Poly Survival Kit/Scenes/Scene 2/Scene 2 Baked Lighting using Guid(9670ad915954b374697f719edd0ae2b4) Importer(815301076,1909f56bfc062723c751e8b465ee728b)  -> (artifact id: 'f7837087087184cbcf3edddc5b3266e9') in 0.000551 seconds
Number of updated asset objects reloaded before import = 0
Number of asset objects unloaded after import = 0
========================================================================
Received Import Request.
  Time since last request: 0.101130 seconds.
  path: Assets/Low Poly Survival Kit/Scenes/Scene 2/Scene 2 Baked Lighting/LightingData.asset
  artifactKey: Guid(2c41fb5e109a5d34a98089e10cca8846) Importer(815301076,1909f56bfc062723c751e8b465ee728b)
Start importing Assets/Low Poly Survival Kit/Scenes/Scene 2/Scene 2 Baked Lighting/LightingData.asset using Guid(2c41fb5e109a5d34a98089e10cca8846) Importer(815301076,1909f56bfc062723c751e8b465ee728b)  -> (artifact id: '1be6cd66c9291f4383ebe16e0a43e2b3') in 0.003896 seconds
Number of updated asset objects reloaded before import = 0
Number of asset objects unloaded after import = 2
========================================================================
Received Import Request.
  Time since last request: 0.000160 seconds.
  path: Assets/Low Poly Survival Kit/Scenes/Scene 2/Scene 2 Baked Lighting/ReflectionProbe-1.exr
  artifactKey: Guid(8cf50873a5c778d499a0809f91c2fad9) Importer(815301076,1909f56bfc062723c751e8b465ee728b)
Start importing Assets/Low Poly Survival Kit/Scenes/Scene 2/Scene 2 Baked Lighting/ReflectionProbe-1.exr using Guid(8cf50873a5c778d499a0809f91c2fad9) Importer(815301076,1909f56bfc062723c751e8b465ee728b)  -> (artifact id: 'a33feb37063083fb152d1167eea3d314') in 0.125695 seconds
Number of updated asset objects reloaded before import = 0
Number of asset objects unloaded after import = 1
========================================================================
Received Import Request.
  Time since last request: 2.112651 seconds.
  path: Assets/Low Poly Survival Kit/Scenes/Scene/Scene.unity
  artifactKey: Guid(1074a893a8afa9e4d918a39c23accaa1) Importer(815301076,1909f56bfc062723c751e8b465ee728b)
Start importing Assets/Low Poly Survival Kit/Scenes/Scene/Scene.unity using Guid(1074a893a8afa9e4d918a39c23accaa1) Importer(815301076,1909f56bfc062723c751e8b465ee728b)  -> (artifact id: 'aaf383b89a0ce19f66f00fbdbabb37aa') in 0.000587 seconds
Number of updated asset objects reloaded before import = 0
Number of asset objects unloaded after import = 0
========================================================================
Received Import Request.
  Time since last request: 42.719818 seconds.
  path: Assets/Scenes/SampleScene.unity
  artifactKey: Guid(9fc0d4010bbf28b4594072e72b8655ab) Importer(815301076,1909f56bfc062723c751e8b465ee728b)
Start importing Assets/Scenes/SampleScene.unity using Guid(9fc0d4010bbf28b4594072e72b8655ab) Importer(815301076,1909f56bfc062723c751e8b465ee728b)  -> (artifact id: 'a85bec50c8be757587fedfaade313866') in 0.000534 seconds
Number of updated asset objects reloaded before import = 0
Number of asset objects unloaded after import = 0
========================================================================
Received Import Request.
  Time since last request: 35.485772 seconds.
  path: Assets/Low Poly Survival Kit/Scenes/Scene/Scene.unity
  artifactKey: Guid(1074a893a8afa9e4d918a39c23accaa1) Importer(815301076,1909f56bfc062723c751e8b465ee728b)
Start importing Assets/Low Poly Survival Kit/Scenes/Scene/Scene.unity using Guid(1074a893a8afa9e4d918a39c23accaa1) Importer(815301076,1909f56bfc062723c751e8b465ee728b)  -> (artifact id: '1460429f393cc16800799b766976e1f7') in 0.000499 seconds
Number of updated asset objects reloaded before import = 0
Number of asset objects unloaded after import = 0
========================================================================
Received Prepare
Begin MonoManager ReloadAssembly
- Loaded All Assemblies, in  0.381 seconds
Refreshing native plugins compatible for Editor in 2.38 ms, found 3 plugins.
Native extension for WindowsStandalone target not found
Mono: successfully reloaded assembly
- Finished resetting the current domain, in  1.434 seconds
Domain Reload Profiling: 1813ms
	BeginReloadAssembly (125ms)
		ExecutionOrderSort (0ms)
		DisableScriptedObjects (3ms)
		BackupInstance (0ms)
		ReleaseScriptingObjects (0ms)
		CreateAndSetChildDomain (29ms)
	RebuildCommonClasses (26ms)
	RebuildNativeTypeToScriptingClass (12ms)
	initialDomainReloadingComplete (30ms)
	LoadAllAssembliesAndSetupDomain (187ms)
		LoadAssemblies (241ms)
		RebuildTransferFunctionScriptingTraits (0ms)
		AnalyzeDomain (11ms)
			TypeCache.Refresh (4ms)
				TypeCache.ScanAssembly (0ms)
			ScanForSourceGeneratedMonoScriptInfo (0ms)
			ResolveRequiredComponents (4ms)
	FinalizeReload (1435ms)
		ReleaseScriptCaches (0ms)
		RebuildScriptCaches (0ms)
		SetupLoadedEditorAssemblies (412ms)
			LogAssemblyErrors (0ms)
			InitializePlatformSupportModulesInManaged (6ms)
			SetLoadedEditorAssemblies (3ms)
			RefreshPlugins (0ms)
			BeforeProcessingInitializeOnLoad (55ms)
			ProcessInitializeOnLoadAttributes (322ms)
			ProcessInitializeOnLoadMethodAttributes (20ms)
			AfterProcessingInitializeOnLoad (7ms)
			EditorAssembliesLoaded (0ms)
		ExecutionOrderSort2 (0ms)
		AwakeInstancesAfterBackupRestoration (7ms)
Refreshing native plugins compatible for Editor in 3.11 ms, found 3 plugins.
Preloading 0 native plugins for Editor in 0.00 ms.
Unloading 3127 Unused Serialized files (Serialized files now loaded: 0)
Unloading 24 unused Assets / (31.0 KB). Loaded Objects now: 3644.
Memory consumption went from 128.3 MB to 128.3 MB.
Total: 2.560000 ms (FindLiveObjects: 0.176700 ms CreateObjectMapping: 0.064600 ms MarkObjects: 2.258700 ms  DeleteObjects: 0.058900 ms)

Prepare: number of updated asset objects reloaded= 0
AssetImportParameters requested are different than current active one (requested -> active):
  custom:container-demuxer-ogg: 62fdf1f143b41e24485cea50d1cbac27 -> 
  custom:video-codec-MediaFoundation-h265: 746d11721c4dcdbdad8f713fa42b33f4 -> 
  custom:video-decoder-ogg-theora: a1e56fd34408186e4bbccfd4996cb3dc -> 
  custom:framework-win-MediaFoundation: 216162199b28c13a410421893ffa2e32 -> 
  custom:CustomObjectIndexerAttribute: 9a22284fe3817be447336de3de66b15e -> 
  custom:container-demuxer-webm: 4f35f7cbe854078d1ac9338744f61a02 -> 
  custom:container-muxer-webm: aa71ff27fc2769a1b78a27578f13a17b -> 
  custom:video-decoder-webm-vp8: 9c59270c3fd7afecdb556c50c9e8de78 -> 
  custom:SearchIndexIgnoredProperties: e643bd26f0fe6173181afceb89e7c659 -> 
  custom:AudioImporter_EditorPlatform: d09bf68614088b80899f8185d706f6e7 -> 
  custom:video-encoder-webm-vp8: eb34c28f22e8b96e1ab97ce403110664 -> 
  custom:audio-decoder-ogg-vorbis: bf7c407c2cedff20999df2af8eb42d56 -> 
  custom:audio-encoder-webm-vorbis: bf7c407c2cedff20999df2af8eb42d56 -> 
========================================================================
Received Import Request.
  Time since last request: 20.887371 seconds.
  path: Assets/Low Poly Survival Kit/Scenes/Scene/Scene
  artifactKey: Guid(aabaa2e1aa93fe74fb97d1eadae9a13d) Importer(815301076,1909f56bfc062723c751e8b465ee728b)
Start importing Assets/Low Poly Survival Kit/Scenes/Scene/Scene using Guid(aabaa2e1aa93fe74fb97d1eadae9a13d) Importer(815301076,1909f56bfc062723c751e8b465ee728b)  -> (artifact id: 'db86230d5c0ef54b62236d4910655051') in 0.001653 seconds
Number of updated asset objects reloaded before import = 0
Number of asset objects unloaded after import = 0
========================================================================
Received Import Request.
  Time since last request: 0.060340 seconds.
  path: Assets/Low Poly Survival Kit/Scenes/Scene/Scene/LightingData.asset
  artifactKey: Guid(d30aa66e325effc42b67cb829e1f5ce9) Importer(815301076,1909f56bfc062723c751e8b465ee728b)
Start importing Assets/Low Poly Survival Kit/Scenes/Scene/Scene/LightingData.asset using Guid(d30aa66e325effc42b67cb829e1f5ce9) Importer(815301076,1909f56bfc062723c751e8b465ee728b)  -> (artifact id: '6921d73e40944ed35203318c8bc75ec6') in 0.017955 seconds
Number of updated asset objects reloaded before import = 0
Number of asset objects unloaded after import = 2
========================================================================
Received Import Request.
  Time since last request: 0.000017 seconds.
  path: Assets/Low Poly Survival Kit/Scenes/Scene/Scene/ReflectionProbe-1.exr
  artifactKey: Guid(2deff2a59883d704b904bec2f1f596d5) Importer(815301076,1909f56bfc062723c751e8b465ee728b)
Start importing Assets/Low Poly Survival Kit/Scenes/Scene/Scene/ReflectionProbe-1.exr using Guid(2deff2a59883d704b904bec2f1f596d5) Importer(815301076,1909f56bfc062723c751e8b465ee728b)  -> (artifact id: 'ea96935212bd09af89e4e11a310b1188') in 0.060230 seconds
Number of updated asset objects reloaded before import = 0
Number of asset objects unloaded after import = 1
========================================================================
Received Prepare
Begin MonoManager ReloadAssembly
- Loaded All Assemblies, in  0.333 seconds
Refreshing native plugins compatible for Editor in 2.59 ms, found 3 plugins.
Native extension for WindowsStandalone target not found
Mono: successfully reloaded assembly
- Finished resetting the current domain, in  0.659 seconds
Domain Reload Profiling: 990ms
	BeginReloadAssembly (124ms)
		ExecutionOrderSort (0ms)
		DisableScriptedObjects (4ms)
		BackupInstance (0ms)
		ReleaseScriptingObjects (0ms)
		CreateAndSetChildDomain (26ms)
	RebuildCommonClasses (26ms)
	RebuildNativeTypeToScriptingClass (7ms)
	initialDomainReloadingComplete (21ms)
	LoadAllAssembliesAndSetupDomain (152ms)
		LoadAssemblies (210ms)
		RebuildTransferFunctionScriptingTraits (0ms)
		AnalyzeDomain (11ms)
			TypeCache.Refresh (5ms)
				TypeCache.ScanAssembly (0ms)
			ScanForSourceGeneratedMonoScriptInfo (0ms)
			ResolveRequiredComponents (4ms)
	FinalizeReload (659ms)
		ReleaseScriptCaches (0ms)
		RebuildScriptCaches (0ms)
		SetupLoadedEditorAssemblies (291ms)
			LogAssemblyErrors (0ms)
			InitializePlatformSupportModulesInManaged (4ms)
			SetLoadedEditorAssemblies (2ms)
			RefreshPlugins (0ms)
			BeforeProcessingInitializeOnLoad (45ms)
			ProcessInitializeOnLoadAttributes (216ms)
			ProcessInitializeOnLoadMethodAttributes (17ms)
			AfterProcessingInitializeOnLoad (5ms)
			EditorAssembliesLoaded (0ms)
		ExecutionOrderSort2 (0ms)
		AwakeInstancesAfterBackupRestoration (6ms)
Refreshing native plugins compatible for Editor in 2.41 ms, found 3 plugins.
Preloading 0 native plugins for Editor in 0.00 ms.
Unloading 3127 Unused Serialized files (Serialized files now loaded: 0)
Unloading 24 unused Assets / (31.0 KB). Loaded Objects now: 3647.
Memory consumption went from 130.2 MB to 130.2 MB.
Total: 2.202100 ms (FindLiveObjects: 0.160900 ms CreateObjectMapping: 0.058200 ms MarkObjects: 1.939800 ms  DeleteObjects: 0.042000 ms)

Prepare: number of updated asset objects reloaded= 0
AssetImportParameters requested are different than current active one (requested -> active):
  custom:container-demuxer-ogg: 62fdf1f143b41e24485cea50d1cbac27 -> 
  custom:video-codec-MediaFoundation-h265: 746d11721c4dcdbdad8f713fa42b33f4 -> 
  custom:video-decoder-ogg-theora: a1e56fd34408186e4bbccfd4996cb3dc -> 
  custom:framework-win-MediaFoundation: 216162199b28c13a410421893ffa2e32 -> 
  custom:CustomObjectIndexerAttribute: 9a22284fe3817be447336de3de66b15e -> 
  custom:container-demuxer-webm: 4f35f7cbe854078d1ac9338744f61a02 -> 
  custom:container-muxer-webm: aa71ff27fc2769a1b78a27578f13a17b -> 
  custom:video-decoder-webm-vp8: 9c59270c3fd7afecdb556c50c9e8de78 -> 
  custom:SearchIndexIgnoredProperties: e643bd26f0fe6173181afceb89e7c659 -> 
  custom:AudioImporter_EditorPlatform: d09bf68614088b80899f8185d706f6e7 -> 
  custom:video-encoder-webm-vp8: eb34c28f22e8b96e1ab97ce403110664 -> 
  custom:audio-decoder-ogg-vorbis: bf7c407c2cedff20999df2af8eb42d56 -> 
  custom:audio-encoder-webm-vorbis: bf7c407c2cedff20999df2af8eb42d56 -> 
========================================================================
Received Import Request.
  Time since last request: 26.217993 seconds.
  path: Assets/Low Poly Survival Kit/Scenes/Scene
  artifactKey: Guid(03d15066cf9172f4aabbb05bbc2ea745) Importer(815301076,1909f56bfc062723c751e8b465ee728b)
Start importing Assets/Low Poly Survival Kit/Scenes/Scene using Guid(03d15066cf9172f4aabbb05bbc2ea745) Importer(815301076,1909f56bfc062723c751e8b465ee728b)  -> (artifact id: '615aa7daae6b78e24fd12bdabb33bad7') in 0.002522 seconds
Number of updated asset objects reloaded before import = 0
Number of asset objects unloaded after import = 0
